scripts/createDemoTenant.ts(6,26): error TS2307: Cannot find module '../src/lib/supabase' or its corresponding type declarations.
src/core/contexts/AuthContext.tsx(3,26): error TS2307: Cannot find module '../lib/supabase' or its corresponding type declarations.
src/core/contexts/LiveChatContext.tsx(5,29): error TS2307: Cannot find module '../components/Logo' or its corresponding type declarations.
src/core/contexts/TenantContext.tsx(2,69): error TS2307: Cannot find module '../lib/tenantDetection' or its corresponding type declarations.
src/core/data/homepageContent.ts(3,29): error TS2307: Cannot find module '../components/Logo' or its corresponding type declarations.
src/core/services/tenantService.ts(1,26): error TS2307: Cannot find module '../lib/supabase' or its corresponding type declarations.
src/core/supabase/testSupabase.ts(4,26): error TS2307: Cannot find module './lib/supabase' or its corresponding type declarations.
src/core/tenant/tenantDetection.ts(1,26): error TS2307: Cannot find module './supabase' or its corresponding type declarations.
src/layouts/AdminLayout.tsx(5,21): error TS2307: Cannot find module '../components/admin/Sidebar' or its corresponding type declarations.
src/layouts/AdminLayout.tsx(6,26): error TS2307: Cannot find module '../hooks/useTheme' or its corresponding type declarations.
src/layouts/AdminLayout.tsx(8,34): error TS2307: Cannot find module '../components/admin/NotificationDropdown' or its corresponding type declarations.
src/layouts/AdminLayout.tsx(9,29): error TS2307: Cannot find module '../components/admin/MessageDropdown' or its corresponding type declarations.
src/layouts/AdminLayout.tsx(10,33): error TS2307: Cannot find module '../hooks/useClickOutside' or its corresponding type declarations.
src/layouts/AdminLayout.tsx(11,28): error TS2307: Cannot find module '../components/admin/AdminBottomNav' or its corresponding type declarations.
src/layouts/AdminLayout.tsx(12,34): error TS2307: Cannot find module '../hooks/useNotifications' or its corresponding type declarations.
src/layouts/CustomerDashboardLayout.tsx(5,29): error TS2307: Cannot find module '../components/customer/CustomerSidebar' or its corresponding type declarations.
src/layouts/CustomerDashboardLayout.tsx(6,23): error TS2307: Cannot find module '../components/customer/CartPanel' or its corresponding type declarations.
src/layouts/CustomerDashboardLayout.tsx(7,25): error TS2307: Cannot find module '../hooks/useCart' or its corresponding type declarations.
src/layouts/CustomerDashboardLayout.tsx(8,35): error TS2307: Cannot find module '../contexts/CustomerLayoutContext' or its corresponding type declarations.
src/layouts/CustomerDashboardLayout.tsx(9,25): error TS2307: Cannot find module '../hooks/useChat' or its corresponding type declarations.
src/layouts/CustomerDashboardLayout.tsx(10,23): error TS2307: Cannot find module '../components/customer/ChatPanel' or its corresponding type declarations.
src/layouts/CustomerDashboardLayout.tsx(11,34): error TS2307: Cannot find module '../hooks/useNotifications' or its corresponding type declarations.
src/layouts/CustomerDashboardLayout.tsx(12,31): error TS2307: Cannot find module '../components/customer/NotificationPanel' or its corresponding type declarations.
src/layouts/CustomerDashboardLayout.tsx(14,26): error TS2307: Cannot find module '../hooks/useTheme' or its corresponding type declarations.
src/layouts/CustomerDashboardMobileLayout.tsx(4,23): error TS2307: Cannot find module '../components/customer/BottomNav' or its corresponding type declarations.
src/layouts/CustomerDashboardMobileLayout.tsx(5,26): error TS2307: Cannot find module '../components/customer/MobileHeader' or its corresponding type declarations.
src/layouts/CustomerDashboardMobileLayout.tsx(6,25): error TS2307: Cannot find module '../hooks/useChat' or its corresponding type declarations.
src/layouts/CustomerDashboardMobileLayout.tsx(7,19): error TS2307: Cannot find module '../components/Modal' or its corresponding type declarations.
src/layouts/CustomerDashboardMobileLayout.tsx(8,30): error TS2307: Cannot find module '../components/customer/CustomerChatView' or its corresponding type declarations.
src/layouts/CustomerDashboardMobileLayout.tsx(9,34): error TS2307: Cannot find module '../hooks/useNotifications' or its corresponding type declarations.
src/layouts/CustomerDashboardMobileLayout.tsx(11,33): error TS2307: Cannot find module '../components/customer/NotificationContent' or its corresponding type declarations.
src/layouts/CustomerDashboardMobileLayout.tsx(12,25): error TS2307: Cannot find module '../hooks/useCart' or its corresponding type declarations.
src/layouts/CustomerDashboardMobileLayout.tsx(13,25): error TS2307: Cannot find module '../components/customer/CartContent' or its corresponding type declarations.
src/layouts/CustomerDashboardMobileLayout.tsx(14,32): error TS2307: Cannot find module '../hooks/useTenantParam' or its corresponding type declarations.
src/layouts/CustomerServiceLayout.tsx(4,23): error TS2307: Cannot find module '../components/cs/CsSidebar' or its corresponding type declarations.
src/layouts/CustomerServiceLayout.tsx(5,26): error TS2307: Cannot find module '../hooks/useTheme' or its corresponding type declarations.
src/layouts/CustomerServiceLayout.tsx(7,34): error TS2307: Cannot find module '../components/admin/NotificationDropdown' or its corresponding type declarations.
src/layouts/CustomerServiceLayout.tsx(8,29): error TS2307: Cannot find module '../components/admin/MessageDropdown' or its corresponding type declarations.
src/layouts/CustomerServiceLayout.tsx(9,33): error TS2307: Cannot find module '../hooks/useClickOutside' or its corresponding type declarations.
src/layouts/CustomerServiceLayout.tsx(10,28): error TS2307: Cannot find module '../components/admin/AdminBottomNav' or its corresponding type declarations.
src/layouts/CustomerServiceLayout.tsx(11,34): error TS2307: Cannot find module '../hooks/useNotifications' or its corresponding type declarations.
src/layouts/Footer.tsx(3,36): error TS2307: Cannot find module '../hooks/useHomepageContent' or its corresponding type declarations.
src/layouts/Header.tsx(5,25): error TS2307: Cannot find module '../hooks/useAuth' or its corresponding type declarations.
src/layouts/Header.tsx(7,36): error TS2307: Cannot find module '../hooks/useHomepageContent' or its corresponding type declarations.
src/layouts/Header.tsx(8,26): error TS2307: Cannot find module '../hooks/useTheme' or its corresponding type declarations.
src/layouts/Header.tsx(9,32): error TS2307: Cannot find module '../hooks/useTenantParam' or its corresponding type declarations.
src/layouts/Header.tsx(10,27): error TS2307: Cannot find module '../contexts/TenantContext' or its corresponding type declarations.
src/layouts/MainLayout.tsx(6,20): error TS2307: Cannot find module '../components/Header' or its corresponding type declarations.
src/layouts/MainLayout.tsx(7,20): error TS2307: Cannot find module '../components/Footer' or its corresponding type declarations.
src/layouts/ResponsiveCustomerLayout.tsx(2,31): error TS2307: Cannot find module '../hooks/useWindowSize' or its corresponding type declarations.
src/modules/admin/components/AdminBottomNav.tsx(6,19): error TS2307: Cannot find module '../Modal' or its corresponding type declarations.
src/modules/admin/components/AdminBottomNav.tsx(7,32): error TS2307: Cannot find module '../../hooks/useTenantParam' or its corresponding type declarations.
src/modules/admin/components/editor-forms/AboutSectionForm.tsx(3,35): error TS2307: Cannot find module '../../../types/homepage' or its corresponding type declarations.
src/modules/admin/components/editor-forms/FeaturedMenuSectionForm.tsx(3,42): error TS2307: Cannot find module '../../../types/homepage' or its corresponding type declarations.
src/modules/admin/components/editor-forms/FooterForm.tsx(3,30): error TS2307: Cannot find module '../../../types/homepage' or its corresponding type declarations.
src/modules/admin/components/editor-forms/GallerySectionForm.tsx(3,37): error TS2307: Cannot find module '../../../types/homepage' or its corresponding type declarations.
src/modules/admin/components/editor-forms/HeaderForm.tsx(3,30): error TS2307: Cannot find module '../../../types/homepage' or its corresponding type declarations.
src/modules/admin/components/editor-forms/HeroSectionForm.tsx(3,34): error TS2307: Cannot find module '../../../types/homepage' or its corresponding type declarations.
src/modules/admin/components/editor-forms/LocationSectionForm.tsx(3,38): error TS2307: Cannot find module '../../../types/homepage' or its corresponding type declarations.
src/modules/admin/components/editor-forms/PromotionSectionForm.tsx(3,39): error TS2307: Cannot find module '../../../types/homepage' or its corresponding type declarations.
src/modules/admin/components/editor-forms/ReservationCtaSectionForm.tsx(3,44): error TS2307: Cannot find module '../../../types/homepage' or its corresponding type declarations.
src/modules/admin/components/editor-forms/TestimonialsSectionForm.tsx(2,59): error TS2307: Cannot find module '../../../types/homepage' or its corresponding type declarations.
src/modules/admin/components/MenuItemForm.tsx(2,82): error TS2307: Cannot find module '../data/mockDB' or its corresponding type declarations.
src/modules/admin/components/MenuItemForm.tsx(3,22): error TS2307: Cannot find module './Dropdown' or its corresponding type declarations.
src/modules/admin/components/NotificationDropdown.tsx(3,34): error TS2307: Cannot find module '../../hooks/useNotifications' or its corresponding type declarations.
src/modules/admin/components/Sidebar.tsx(5,25): error TS2307: Cannot find module '../../hooks/useAuth' or its corresponding type declarations.
src/modules/admin/components/Sidebar.tsx(20,29): error TS2307: Cannot find module '../Logo' or its corresponding type declarations.
src/modules/admin/components/Sidebar.tsx(21,29): error TS2307: Cannot find module '../../contexts/LiveChatContext' or its corresponding type declarations.
src/modules/admin/components/Sidebar.tsx(22,32): error TS2307: Cannot find module '../cs/AgentStatusControl' or its corresponding type declarations.
src/modules/admin/components/Sidebar.tsx(23,28): error TS2307: Cannot find module '../cs/TeamStatusList' or its corresponding type declarations.
src/modules/admin/components/Sidebar.tsx(24,32): error TS2307: Cannot find module '../../hooks/useTenantParam' or its corresponding type declarations.
src/modules/admin/components/Sidebar.tsx(25,27): error TS2307: Cannot find module '../../contexts/TenantContext' or its corresponding type declarations.
src/modules/admin/pages/admin-menu/KategoriMenu.tsx(3,88): error TS2307: Cannot find module '../../data/mockDB' or its corresponding type declarations.
src/modules/admin/pages/admin-menu/KategoriMenu.tsx(4,19): error TS2307: Cannot find module '../../components/Modal' or its corresponding type declarations.
src/modules/admin/pages/admin-menu/KelolaMenu.tsx(2,85): error TS2307: Cannot find module '../../data/mockDB' or its corresponding type declarations.
src/modules/admin/pages/admin-menu/KelolaMenu.tsx(3,19): error TS2307: Cannot find module '../../components/Modal' or its corresponding type declarations.
src/modules/admin/pages/admin-menu/KelolaMenu.tsx(5,26): error TS2307: Cannot find module '../../hooks/useToast' or its corresponding type declarations.
src/modules/admin/pages/admin-menu/TambahMenuBaru.tsx(3,26): error TS2307: Cannot find module '../../hooks/useToast' or its corresponding type declarations.
src/modules/admin/pages/admin-pelanggan/AdminLiveChatPage.tsx(2,65): error TS2307: Cannot find module '../../contexts/LiveChatContext' or its corresponding type declarations.
src/modules/admin/pages/admin-pelanggan/AdminLiveChatPage.tsx(3,25): error TS2307: Cannot find module '../../hooks/useAuth' or its corresponding type declarations.
src/modules/admin/pages/admin-pelanggan/AdminLiveChatPage.tsx(5,34): error TS2307: Cannot find module '../../components/cs/CustomerDetailsPanel' or its corresponding type declarations.
src/modules/admin/pages/admin-pelanggan/AdminLiveChatPage.tsx(6,36): error TS2307: Cannot find module '../../components/cs/CannedResponsesPopover' or its corresponding type declarations.
src/modules/admin/pages/admin-pelanggan/AdminLiveChatPage.tsx(7,29): error TS2307: Cannot find module '../../components/TypingIndicator' or its corresponding type declarations.
src/modules/admin/pages/admin-pelanggan/AdminLiveChatPage.tsx(8,34): error TS2307: Cannot find module '../../components/cs/ConversationListItem' or its corresponding type declarations.
src/modules/admin/pages/admin-pelanggan/AdminLiveChatPage.tsx(9,24): error TS2307: Cannot find module '../../components/cs/ChatBubble' or its corresponding type declarations.
src/modules/admin/pages/admin-pelanggan/AdminLiveChatPage.tsx(10,33): error TS2307: Cannot find module '../../hooks/useClickOutside' or its corresponding type declarations.
src/modules/admin/pages/admin-pelanggan/AdminLiveChatPage.tsx(11,42): error TS2307: Cannot find module '../../data/mockDB' or its corresponding type declarations.
src/modules/admin/pages/admin-pelanggan/AdminLiveChatPage.tsx(12,30): error TS2307: Cannot find module '../../components/SegmentedControl' or its corresponding type declarations.
src/modules/admin/pages/admin-pelanggan/AdminLiveChatPage.tsx(34,52): error TS2307: Cannot find module '../../data/mockDB' or its corresponding type declarations.
src/modules/admin/pages/admin-pelanggan/StatistikChatPage.tsx(2,29): error TS2307: Cannot find module '../../contexts/LiveChatContext' or its corresponding type declarations.
src/modules/admin/pages/admin-pelanggan/StatistikChatPage.tsx(3,22): error TS2307: Cannot find module '../../components/StatCard' or its corresponding type declarations.
src/modules/admin/pages/admin-pengaturan/AkunPemilik.tsx(5,26): error TS2307: Cannot find module '@core/lib/supabase' or its corresponding type declarations.
src/modules/admin/pages/admin-pengaturan/AkunPemilik.tsx(6,99): error TS2305: Module '"@core/services/tenantService"' has no exported member 'changeEmail'.
src/modules/admin/pages/admin-pengaturan/AkunPemilik.tsx(7,42): error TS2307: Cannot find module '@core/types/tenant' or its corresponding type declarations.
src/modules/admin/pages/admin-pengaturan/AkunPemilik.tsx(16,36): error TS2307: Cannot find module '@modules/admin/components/EmailVerificationModal' or its corresponding type declarations.
src/modules/admin/pages/admin-pengaturan/ManajemenStaff.tsx(3,26): error TS2307: Cannot find module '@core/lib/supabase' or its corresponding type declarations.
src/modules/admin/pages/admin-pesanan/PesananAktif.tsx(3,58): error TS2307: Cannot find module '../../data/mockDB' or its corresponding type declarations.
src/modules/admin/pages/admin-pesanan/RiwayatPesanan.tsx(2,39): error TS2307: Cannot find module '../../data/mockDB' or its corresponding type declarations.
src/modules/admin/pages/admin-staff/AdminStaffPage.tsx(3,26): error TS2307: Cannot find module '@core/lib/supabase' or its corresponding type declarations.
src/modules/admin/pages/admin/AdminAnalitikLayout.tsx(7,32): error TS2307: Cannot find module '../../hooks/useTenantParam' or its corresponding type declarations.
src/modules/admin/pages/admin/AdminMenuLayout.tsx(7,32): error TS2307: Cannot find module '../../hooks/useTenantParam' or its corresponding type declarations.
src/modules/admin/pages/admin/AdminPelangganLayout.tsx(7,29): error TS2307: Cannot find module '../../contexts/LiveChatContext' or its corresponding type declarations.
src/modules/admin/pages/admin/AdminPelangganLayout.tsx(8,32): error TS2307: Cannot find module '../../hooks/useTenantParam' or its corresponding type declarations.
src/modules/admin/pages/admin/AdminPesananLayout.tsx(7,32): error TS2307: Cannot find module '../../hooks/useTenantParam' or its corresponding type declarations.
src/modules/admin/pages/admin/AdminPromosiLayout.tsx(7,32): error TS2307: Cannot find module '../../hooks/useTenantParam' or its corresponding type declarations.
src/modules/admin/pages/admin/AdminReservasiLayout.tsx(7,32): error TS2307: Cannot find module '../../hooks/useTenantParam' or its corresponding type declarations.
src/modules/admin/pages/admin/AdminTampilanLayout.tsx(7,32): error TS2307: Cannot find module '../../hooks/useTenantParam' or its corresponding type declarations.
src/modules/cs/components/AgentStatusControl.tsx(2,42): error TS2307: Cannot find module '../../contexts/LiveChatContext' or its corresponding type declarations.
src/modules/cs/components/AgentStatusControl.tsx(3,25): error TS2307: Cannot find module '../../hooks/useAuth' or its corresponding type declarations.
src/modules/cs/components/AgentStatusControl.tsx(5,33): error TS2307: Cannot find module '../../hooks/useClickOutside' or its corresponding type declarations.
src/modules/cs/components/CannedResponsesPopover.tsx(3,29): error TS2307: Cannot find module '../../contexts/LiveChatContext' or its corresponding type declarations.
src/modules/cs/components/ChatBubble.tsx(2,25): error TS2307: Cannot find module '../../data/mockDB' or its corresponding type declarations.
src/modules/cs/components/ConversationListItem.tsx(2,41): error TS2307: Cannot find module '../../data/mockDB' or its corresponding type declarations.
src/modules/cs/components/ConversationListItem.tsx(3,29): error TS2307: Cannot find module '../TypingIndicator' or its corresponding type declarations.
src/modules/cs/components/CustomerJourneyTimeline.tsx(2,34): error TS2307: Cannot find module '../../data/mockDB' or its corresponding type declarations.
src/modules/cs/components/FaqItemForm.tsx(2,82): error TS2307: Cannot find module '../../data/mockDB' or its corresponding type declarations.
src/modules/cs/components/FaqItemForm.tsx(3,22): error TS2307: Cannot find module '../Dropdown' or its corresponding type declarations.
src/modules/cs/components/MergeConversationModal.tsx(2,30): error TS2307: Cannot find module '../../data/mockDB' or its corresponding type declarations.
src/modules/cs/components/MergeConversationModal.tsx(3,19): error TS2307: Cannot find module '../Modal' or its corresponding type declarations.
src/modules/cs/components/PastConversationModal.tsx(2,30): error TS2307: Cannot find module '../../data/mockDB' or its corresponding type declarations.
src/modules/cs/components/PastConversationModal.tsx(3,19): error TS2307: Cannot find module '../Modal' or its corresponding type declarations.
src/modules/cs/components/TeamStatusList.tsx(2,29): error TS2307: Cannot find module '../../contexts/LiveChatContext' or its corresponding type declarations.
src/modules/cs/components/TeamStatusList.tsx(3,27): error TS2307: Cannot find module '../../data/mockDB' or its corresponding type declarations.
src/modules/cs/components/TeamStatusList.tsx(4,29): error TS2307: Cannot find module '../../contexts/LiveChatContext' or its corresponding type declarations.
src/modules/customer/components/ActiveOrderCard.tsx(2,23): error TS2307: Cannot find module '../../data/mockDB' or its corresponding type declarations.
src/modules/customer/components/BottomNav.tsx(5,25): error TS2307: Cannot find module '../../hooks/useChat' or its corresponding type declarations.
src/modules/customer/components/BottomNav.tsx(6,29): error TS2307: Cannot find module '../../contexts/LiveChatContext' or its corresponding type declarations.
src/modules/customer/components/BottomNav.tsx(7,32): error TS2307: Cannot find module '../../hooks/useTenantParam' or its corresponding type declarations.
src/modules/customer/components/CartContent.tsx(5,25): error TS2307: Cannot find module '../../hooks/useCart' or its corresponding type declarations.
src/modules/customer/components/CartContent.tsx(7,25): error TS2307: Cannot find module '../../hooks/useAuth' or its corresponding type declarations.
src/modules/customer/components/CartContent.tsx(8,26): error TS2307: Cannot find module '../../hooks/useToast' or its corresponding type declarations.
src/modules/customer/components/CartContent.tsx(9,33): error TS2307: Cannot find module '../../data/mockDB' or its corresponding type declarations.
src/modules/customer/components/CartContent.tsx(10,31): error TS2307: Cannot find module '../../data/types/customer' or its corresponding type declarations.
src/modules/customer/components/CartContent.tsx(11,23): error TS2307: Cannot find module '../logos/GojekLogo' or its corresponding type declarations.
src/modules/customer/components/CartContent.tsx(12,22): error TS2307: Cannot find module '../logos/GrabLogo' or its corresponding type declarations.
src/modules/customer/components/CartContent.tsx(13,24): error TS2307: Cannot find module '../logos/DineOSLogo' or its corresponding type declarations.
src/modules/customer/components/CartContent.tsx(15,32): error TS2307: Cannot find module '../../hooks/useTenantParam' or its corresponding type declarations.
src/modules/customer/components/CartPanel.tsx(3,25): error TS2307: Cannot find module '../../hooks/useCart' or its corresponding type declarations.
src/modules/customer/components/ChatPanel.tsx(3,25): error TS2307: Cannot find module '../../hooks/useChat' or its corresponding type declarations.
src/modules/customer/components/checkout/CheckoutModal.tsx(4,25): error TS2307: Cannot find module '../../../hooks/useAuth' or its corresponding type declarations.
src/modules/customer/components/checkout/CheckoutModal.tsx(5,25): error TS2307: Cannot find module '../../../hooks/useCart' or its corresponding type declarations.
src/modules/customer/components/checkout/CheckoutModal.tsx(6,26): error TS2307: Cannot find module '../../../hooks/useToast' or its corresponding type declarations.
src/modules/customer/components/checkout/CheckoutModal.tsx(7,33): error TS2307: Cannot find module '../../../data/mockDB' or its corresponding type declarations.
src/modules/customer/components/checkout/CheckoutModal.tsx(8,40): error TS2307: Cannot find module '../../../data/types/customer' or its corresponding type declarations.
src/modules/customer/components/checkout/CheckoutModal.tsx(9,19): error TS2307: Cannot find module '../../Modal' or its corresponding type declarations.
src/modules/customer/components/CustomerChatBubble.tsx(2,25): error TS2307: Cannot find module '../../data/mockDB' or its corresponding type declarations.
src/modules/customer/components/CustomerChatBubble.tsx(3,29): error TS2307: Cannot find module '../Logo' or its corresponding type declarations.
src/modules/customer/components/CustomerChatView.tsx(3,25): error TS2307: Cannot find module '../../hooks/useAuth' or its corresponding type declarations.
src/modules/customer/components/CustomerChatView.tsx(4,29): error TS2307: Cannot find module '../../contexts/LiveChatContext' or its corresponding type declarations.
src/modules/customer/components/CustomerChatView.tsx(6,29): error TS2307: Cannot find module '../TypingIndicator' or its corresponding type declarations.
src/modules/customer/components/CustomerChatView.tsx(7,33): error TS2307: Cannot find module '../../hooks/useClickOutside' or its corresponding type declarations.
src/modules/customer/components/CustomerChatView.tsx(8,39): error TS2307: Cannot find module '../../data/mockDB' or its corresponding type declarations.
src/modules/customer/components/CustomerChatView.tsx(9,26): error TS2307: Cannot find module '../../hooks/useToast' or its corresponding type declarations.
src/modules/customer/components/CustomerChatView.tsx(10,19): error TS2307: Cannot find module '../Modal' or its corresponding type declarations.
src/modules/customer/components/CustomerSidebar.tsx(5,25): error TS2307: Cannot find module '../../hooks/useAuth' or its corresponding type declarations.
src/modules/customer/components/CustomerSidebar.tsx(23,29): error TS2307: Cannot find module '../Logo' or its corresponding type declarations.
src/modules/customer/components/CustomerSidebar.tsx(24,26): error TS2307: Cannot find module '../../hooks/useTheme' or its corresponding type declarations.
src/modules/customer/components/CustomerSidebar.tsx(25,25): error TS2307: Cannot find module '../../hooks/useCart' or its corresponding type declarations.
src/modules/customer/components/CustomerSidebar.tsx(26,34): error TS2307: Cannot find module '../../hooks/useNotifications' or its corresponding type declarations.
src/modules/customer/components/CustomerSidebar.tsx(27,25): error TS2307: Cannot find module '../../hooks/useChat' or its corresponding type declarations.
src/modules/customer/components/CustomerSidebar.tsx(28,32): error TS2307: Cannot find module '../../hooks/useTenantParam' or its corresponding type declarations.
src/modules/customer/components/CustomerSidebar.tsx(29,27): error TS2307: Cannot find module '../../contexts/TenantContext' or its corresponding type declarations.
src/modules/customer/components/dashboard-home/ActivitySummaryCard.tsx(3,29): error TS2307: Cannot find module '../../../data/mockDB' or its corresponding type declarations.
src/modules/customer/components/dashboard-home/ActivitySummaryCard.tsx(5,32): error TS2307: Cannot find module '../../../hooks/useTenantParam' or its corresponding type declarations.
src/modules/customer/components/dashboard-home/EventCorner.tsx(3,23): error TS2307: Cannot find module '../../../data/mockDB' or its corresponding type declarations.
src/modules/customer/components/dashboard-home/PersonalizedMenuSection.tsx(3,26): error TS2307: Cannot find module '../../../data/mockDB' or its corresponding type declarations.
src/modules/customer/components/dashboard-home/PersonalizedMenuSection.tsx(5,25): error TS2307: Cannot find module '../../../hooks/useCart' or its corresponding type declarations.
src/modules/customer/components/dashboard-home/PersonalizedMenuSection.tsx(6,26): error TS2307: Cannot find module '../../../hooks/useToast' or its corresponding type declarations.
src/modules/customer/components/dashboard-home/PersonalizedMenuSection.tsx(7,22): error TS2307: Cannot find module '../../MenuCard' or its corresponding type declarations.
src/modules/customer/components/dashboard-home/PersonalizedMenuSection.tsx(9,32): error TS2307: Cannot find module '../../../hooks/useTenantParam' or its corresponding type declarations.
src/modules/customer/components/dashboard-home/PromoSlider.tsx(3,33): error TS2307: Cannot find module '../../../data/mockDB' or its corresponding type declarations.
src/modules/customer/components/dashboard-home/PromoSlider.tsx(6,25): error TS2307: Cannot find module '../../../hooks/useCart' or its corresponding type declarations.
src/modules/customer/components/dashboard-home/PromoSlider.tsx(7,25): error TS2307: Cannot find module '../../../hooks/useChat' or its corresponding type declarations.
src/modules/customer/components/dashboard-home/PromoSlider.tsx(8,34): error TS2307: Cannot find module '../../../hooks/useNotifications' or its corresponding type declarations.
src/modules/customer/components/dashboard-home/PromoSlider.tsx(9,35): error TS2307: Cannot find module '../../../contexts/CustomerLayoutContext' or its corresponding type declarations.
src/modules/customer/components/dashboard-home/RealTimeStatusWidget.tsx(3,29): error TS2307: Cannot find module '../../../contexts/LocationContext' or its corresponding type declarations.
src/modules/customer/components/DashboardHeader.tsx(3,26): error TS2307: Cannot find module '../../hooks/useTheme' or its corresponding type declarations.
src/modules/customer/components/DashboardHeader.tsx(4,25): error TS2307: Cannot find module '../../hooks/useAuth' or its corresponding type declarations.
src/modules/customer/components/homepage/AboutSection.tsx(3,35): error TS2307: Cannot find module '../../types/homepage' or its corresponding type declarations.
src/modules/customer/components/homepage/FeaturedMenuSection.tsx(5,26): error TS2307: Cannot find module '../../data/mockDB' or its corresponding type declarations.
src/modules/customer/components/homepage/FeaturedMenuSection.tsx(7,42): error TS2307: Cannot find module '../../types/homepage' or its corresponding type declarations.
src/modules/customer/components/homepage/ForYouSection.tsx(4,26): error TS2307: Cannot find module '../../data/mockDB' or its corresponding type declarations.
src/modules/customer/components/homepage/ForYouSection.tsx(6,36): error TS2307: Cannot find module '../../types/homepage' or its corresponding type declarations.
src/modules/customer/components/homepage/ForYouSection.tsx(7,32): error TS2307: Cannot find module '../../hooks/useTenantParam' or its corresponding type declarations.
src/modules/customer/components/homepage/GallerySection.tsx(3,37): error TS2307: Cannot find module '../../types/homepage' or its corresponding type declarations.
src/modules/customer/components/homepage/HeroSection.tsx(6,34): error TS2307: Cannot find module '../../types/homepage' or its corresponding type declarations.
src/modules/customer/components/homepage/LocationSection.tsx(3,38): error TS2307: Cannot find module '../../types/homepage' or its corresponding type declarations.
src/modules/customer/components/homepage/PromotionSection.tsx(6,39): error TS2307: Cannot find module '../../types/homepage' or its corresponding type declarations.
src/modules/customer/components/homepage/ReservationCtaSection.tsx(6,44): error TS2307: Cannot find module '../../types/homepage' or its corresponding type declarations.
src/modules/customer/components/homepage/TestimonialsSection.tsx(3,29): error TS2307: Cannot find module '../TestimonialCard' or its corresponding type declarations.
src/modules/customer/components/homepage/TestimonialsSection.tsx(4,42): error TS2307: Cannot find module '../../types/homepage' or its corresponding type declarations.
src/modules/customer/components/LiveChatWidget.tsx(5,29): error TS2307: Cannot find module '../../contexts/LiveChatContext' or its corresponding type declarations.
src/modules/customer/components/LocationModal.tsx(4,39): error TS2307: Cannot find module '../../data/mockDB' or its corresponding type declarations.
src/modules/customer/components/LocationModal.tsx(5,29): error TS2307: Cannot find module '../../contexts/LocationContext' or its corresponding type declarations.
src/modules/customer/components/LocationModal.tsx(190,63): error TS2339: Property 'map' does not exist on type 'unknown'.
src/modules/customer/components/MenuCard.tsx(4,30): error TS2307: Cannot find module '../contexts/FavoritesContext' or its corresponding type declarations.
src/modules/customer/components/MenuCard.tsx(5,25): error TS2307: Cannot find module '../hooks/useCart' or its corresponding type declarations.
src/modules/customer/components/MenuCardSkeleton.tsx(3,28): error TS2307: Cannot find module './SkeletonLoader' or its corresponding type declarations.
src/modules/customer/components/MobileHeader.tsx(2,25): error TS2307: Cannot find module '../../hooks/useAuth' or its corresponding type declarations.
src/modules/customer/components/MobileHeader.tsx(5,34): error TS2307: Cannot find module '../../hooks/useNotifications' or its corresponding type declarations.
src/modules/customer/components/MobileHeader.tsx(6,26): error TS2307: Cannot find module '../../hooks/useTheme' or its corresponding type declarations.
src/modules/customer/components/MobileHeader.tsx(7,32): error TS2307: Cannot find module '../../hooks/useTenantParam' or its corresponding type declarations.
src/modules/customer/components/NotificationContent.tsx(3,34): error TS2307: Cannot find module '../../hooks/useNotifications' or its corresponding type declarations.
src/modules/customer/components/NotificationContent.tsx(6,30): error TS2307: Cannot find module '../../data/mockDB' or its corresponding type declarations.
src/modules/customer/components/NotificationContent.tsx(7,28): error TS2307: Cannot find module '../SkeletonLoader' or its corresponding type declarations.
src/modules/customer/components/NotificationItem.tsx(4,30): error TS2307: Cannot find module '../../data/mockDB' or its corresponding type declarations.
src/modules/customer/components/NotificationItem.tsx(7,32): error TS2307: Cannot find module '../../hooks/useTenantParam' or its corresponding type declarations.
src/modules/customer/components/NotificationPanel.tsx(4,34): error TS2307: Cannot find module '../../hooks/useNotifications' or its corresponding type declarations.
src/modules/customer/components/NotificationPanel.tsx(7,32): error TS2307: Cannot find module '../../hooks/useTenantParam' or its corresponding type declarations.
src/modules/customer/components/SpotlightSearch.tsx(6,42): error TS2307: Cannot find module '../../data/mockDB' or its corresponding type declarations.
src/modules/customer/components/SpotlightSearch.tsx(7,32): error TS2307: Cannot find module '../../hooks/useTenantParam' or its corresponding type declarations.
src/modules/customer/pages/CustomerAddressesPage.tsx(4,10): error TS2459: Module '"@core/data/mockDB"' declares 'Address' locally, but it is not exported.
src/modules/customer/pages/CustomerFavoritesPage.tsx(145,26): error TS2304: Cannot find name 'Search'.
src/modules/customer/pages/CustomerFavoritesPage.tsx(179,22): error TS2304: Cannot find name 'Heart'.
src/modules/customer/pages/CustomerPaymentMethodsPage.tsx(4,10): error TS2724: '"@core/data/mockDB"' has no exported member named 'PaymentMethod'. Did you mean 'addPaymentMethod'?
src/modules/customer/pages/CustomerPesananAktifPage.tsx(39,13): error TS2304: Cannot find name 'setActiveOrders'.
src/modules/customer/pages/CustomerPesananAktifPage.tsx(112,9): error TS2304: Cannot find name 'activeOrders'.
src/modules/customer/pages/CustomerPesananAktifPage.tsx(137,94): error TS2304: Cannot find name 'activeOrders'.
src/modules/customer/pages/CustomerPesananAktifPage.tsx(155,18): error TS2304: Cannot find name 'activeOrders'.
src/modules/customer/pages/CustomerPesananPage.tsx(3,30): error TS2307: Cannot find module '../../components/SegmentedControl' or its corresponding type declarations.
src/modules/customer/pages/CustomerPesananPage.tsx(4,32): error TS2307: Cannot find module '../../hooks/useTenantParam' or its corresponding type declarations.
src/modules/customer/pages/CustomerPesanOnlinePage.tsx(87,27): error TS2304: Cannot find name 'OrderItem'.
src/modules/customer/pages/CustomerPesanPage.tsx(7,10): error TS2305: Module '"@core/contexts/LocationContext"' has no exported member 'useLocationContext'.
src/modules/customer/pages/CustomerPesanPage.tsx(9,63): error TS2305: Module '"@core/data/mockDB"' has no exported member 'getSortScore'.
src/modules/customer/pages/CustomerPesanPage.tsx(15,34): error TS2307: Cannot find module '@modules/customer/components/RealTimeStatusWidget' or its corresponding type declarations.
src/modules/customer/pages/CustomerProfileSettingsPage.tsx(8,36): error TS2307: Cannot find module '@modules/customer/components/EmailVerificationModal' or its corresponding type declarations.
src/modules/customer/pages/Home.tsx(6,28): error TS2307: Cannot find module '@modules/customer/components/sections/GallerySection' or its corresponding type declarations.
src/modules/customer/pages/Home.tsx(7,33): error TS2307: Cannot find module '@modules/customer/components/sections/TestimonialsSection' or its corresponding type declarations.
src/modules/customer/pages/Home.tsx(8,35): error TS2307: Cannot find module '@modules/customer/components/sections/ReservationCtaSection' or its corresponding type declarations.
src/modules/customer/pages/Home.tsx(9,30): error TS2307: Cannot find module '@modules/customer/components/sections/PromotionSection' or its corresponding type declarations.
src/modules/customer/pages/Home.tsx(10,29): error TS2307: Cannot find module '@modules/customer/components/sections/LocationSection' or its corresponding type declarations.
src/modules/customer/pages/Home.tsx(11,25): error TS2307: Cannot find module '@modules/customer/components/sections/HeroSection' or its corresponding type declarations.
src/modules/customer/pages/Home.tsx(12,33): error TS2307: Cannot find module '@modules/customer/components/sections/FeaturedMenuSection' or its corresponding type declarations.
src/modules/customer/pages/Home.tsx(13,27): error TS2307: Cannot find module '@modules/customer/components/sections/ForYouSection' or its corresponding type declarations.
src/modules/customer/pages/Home.tsx(14,29): error TS2307: Cannot find module '@modules/customer/components/sections/FeaturesSection' or its corresponding type declarations.
src/modules/customer/pages/Home.tsx(15,26): error TS2307: Cannot find module '@modules/customer/components/sections/StatsSection' or its corresponding type declarations.
src/modules/customer/pages/Home.tsx(16,24): error TS2307: Cannot find module '@modules/customer/components/sections/CtaSection' or its corresponding type declarations.
src/modules/customer/pages/Menu.tsx(8,24): error TS2307: Cannot find module '@modules/customer/components/PageHeader' or its corresponding type declarations.
src/modules/platform/pages/LoginPage.tsx(5,27): error TS2307: Cannot find module '@/contexts/TenantContext' or its corresponding type declarations.
src/modules/platform/pages/OnboardingWizardPage.tsx(3,36): error TS2307: Cannot find module '@/core/tenant/tenantService' or its corresponding type declarations.
src/modules/platform/pages/RestaurantRegisterPage.tsx(3,41): error TS2307: Cannot find module '@/core/tenant/tenantService' or its corresponding type declarations.
src/ui/DynamicFavicon.tsx(2,27): error TS2307: Cannot find module '@/contexts/TenantContext' or its corresponding type declarations.
src/ui/Logo.tsx(4,27): error TS2307: Cannot find module '@/contexts/TenantContext' or its corresponding type declarations.
src/ui/Navigate.tsx(7,24): error TS2503: Cannot find namespace 'React'.
src/ui/Toast.tsx(3,30): error TS2307: Cannot find module '@/contexts/ToastContext' or its corresponding type declarations.
